<?xml version="1.0" encoding="UTF-8"?>
<!-- Generated by org.testng.reporters.JUnitReportReporter -->
<testsuite hostname="DESKTOP-MGUTKMH" failures="0" tests="1" name="com.comcast.crm.orgtest.CreateOrganizationTest" time="12.261" errors="0" timestamp="27 Aug 2024 04:54:53 GMT" skipped="0">
  <testcase classname="com.comcast.crm.orgtest.CreateOrganizationTest" name="createOrganizationTest" time="12.261"/>
</testsuite> <!-- com.comcast.crm.orgtest.CreateOrganizationTest -->
