<?xml version="1.0" encoding="UTF-8"?>
<!-- Generated by org.testng.reporters.JUnitReportReporter -->
<testsuite hostname="DESKTOP-MGUTKMH" failures="0" tests="3" name="com.comcast.crm.contacttest.CreateContactTest" time="45.600" errors="0" timestamp="27 Aug 2024 04:48:14 GMT" skipped="0">
  <testcase classname="com.comcast.crm.contacttest.CreateContactTest" name="createContactTest" time="13.539"/>
  <testcase classname="com.comcast.crm.contacttest.CreateContactTest" name="createContactWithOrgTest" time="19.972"/>
  <testcase classname="com.comcast.crm.contacttest.CreateContactTest" name="createContactWithSupportDateTest" time="12.089"/>
</testsuite> <!-- com.comcast.crm.contacttest.CreateContactTest -->
