<?xml version="1.0" encoding="UTF-8"?>
<!-- Generated by org.testng.reporters.JUnitReportReporter -->
<testsuite hostname="DESKTOP-MGUTKMH" failures="0" tests="3" name="practice.test.GetProductInfoTest" time="27.736" errors="0" timestamp="16 Aug 2024 05:38:38 GMT" skipped="0">
  <testcase classname="practice.test.GetProductInfoTest" name="getProductInfoTest" time="8.405"/>
  <testcase classname="practice.test.GetProductInfoTest" name="getProductInfoTest" time="8.495"/>
  <testcase classname="practice.test.GetProductInfoTest" name="getProductInfoTest" time="10.836"/>
</testsuite> <!-- practice.test.GetProductInfoTest -->
