<?xml version="1.0" encoding="UTF-8"?>
<!-- Generated by org.testng.reporters.JUnitReportReporter -->
<testsuite hostname="DESKTOP-MGUTKMH" failures="0" tests="1" name="practice.test.InvoiceRetryTest" time="6.216" errors="0" timestamp="12 Aug 2024 12:19:57 GMT" skipped="0">
  <testcase classname="practice.test.InvoiceRetryTest" name="activateSim" time="6.216"/>
</testsuite> <!-- practice.test.InvoiceRetryTest -->
